app/build/outputs/logs/manifest-merger-debug-report.txt
-- Merging decision tree log ---
manifest
ADDED from AndroidManifest.xml:22:1
	xmlns:android
		ADDED from AndroidManifest.xml:22:11
	package
		ADDED from AndroidManifest.xml:23:5
		INJECTED from AndroidManifest.xml:0:0
		INJECTED from AndroidManifest.xml:0:0
uses-permission#android.permission.READ_CONTACTS
ADDED from AndroidManifest.xml:25:5
	android:name
		ADDED from AndroidManifest.xml:25:22
uses-permission#android.permission.WRITE_CONTACTS
ADDED from AndroidManifest.xml:26:5
	android:name
		ADDED from AndroidManifest.xml:26:22
uses-permission#android.permission.VIBRATE
ADDED from AndroidManifest.xml:27:5
	android:name
		ADDED from AndroidManifest.xml:27:22
uses-permission#android.permission.ACCESS_COARSE_LOCATION
ADDED from AndroidManifest.xml:28:5
	android:name
		ADDED from AndroidManifest.xml:28:22
uses-permission#android.permission.INTERNET
ADDED from AndroidManifest.xml:29:5
	android:name
		ADDED from AndroidManifest.xml:29:22
uses-permission#android.permission.SET_WALLPAPER
ADDED from AndroidManifest.xml:30:5
	android:name
		ADDED from AndroidManifest.xml:30:22
uses-permission#android.permission.WRITE_EXTERNAL_STORAGE
ADDED from AndroidManifest.xml:31:5
	android:name
		ADDED from AndroidManifest.xml:31:22
uses-permission#android.permission.SEND_SMS
ADDED from AndroidManifest.xml:32:5
	android:name
		ADDED from AndroidManifest.xml:32:22
uses-permission#android.permission.RECEIVE_SMS
ADDED from AndroidManifest.xml:33:5
	android:name
		ADDED from AndroidManifest.xml:33:22
uses-permission#android.permission.NFC
ADDED from AndroidManifest.xml:34:5
	android:name
		ADDED from AndroidManifest.xml:34:22
uses-permission#android.permission.RECORD_AUDIO
ADDED from AndroidManifest.xml:37:5
	android:name
		ADDED from AndroidManifest.xml:37:22
uses-sdk
ADDED from AndroidManifest.xml:39:5
	android:targetSdkVersion
		ADDED from AndroidManifest.xml:39:41
		INJECTED from AndroidManifest.xml:0:0
		INJECTED from AndroidManifest.xml:0:0
	android:minSdkVersion
		ADDED from AndroidManifest.xml:39:15
		INJECTED from AndroidManifest.xml:0:0
		INJECTED from AndroidManifest.xml:0:0
uses-permission#android.permission.CAMERA
ADDED from AndroidManifest.xml:43:5
	android:name
		ADDED from AndroidManifest.xml:43:22
uses-feature#android.hardware.camera
ADDED from AndroidManifest.xml:44:5
	android:name
		ADDED from AndroidManifest.xml:44:19
uses-feature#android.hardware.camera.autofocus
ADDED from AndroidManifest.xml:45:5
	android:required
		ADDED from AndroidManifest.xml:45:68
	android:name
		ADDED from AndroidManifest.xml:45:19
application
ADDED from AndroidManifest.xml:47:5
	android:label
		ADDED from AndroidManifest.xml:48:13
	android:icon
		ADDED from AndroidManifest.xml:49:13
	android:hardwareAccelerated
		ADDED from AndroidManifest.xml:50:13
	android:name
		ADDED from AndroidManifest.xml:47:18
uses-library#com.example.will.never.exist
ADDED from AndroidManifest.xml:54:9
	android:required
		ADDED from AndroidManifest.xml:54:67
	android:name
		ADDED from AndroidManifest.xml:54:23
activity#com.example.android.apis.ApiDemos
ADDED from AndroidManifest.xml:56:9
	android:name
		ADDED from AndroidManifest.xml:56:19
intent-filter#android.intent.action.MAIN+android.intent.category.DEFAULT+android.intent.category.LAUNCHER
ADDED from AndroidManifest.xml:57:13
action#android.intent.action.MAIN
ADDED from AndroidManifest.xml:58:17
	android:name
		ADDED from AndroidManifest.xml:58:25
category#android.intent.category.DEFAULT
ADDED from AndroidManifest.xml:59:17
	android:name
		ADDED from AndroidManifest.xml:59:27
category#android.intent.category.LAUNCHER
ADDED from AndroidManifest.xml:60:17
	android:name
		ADDED from AndroidManifest.xml:60:27
activity#com.example.android.apis.app.HelloWorld
ADDED from AndroidManifest.xml:70:9
	android:label
		ADDED from AndroidManifest.xml:70:50
	android:name
		ADDED from AndroidManifest.xml:70:19
intent-filter#android.intent.action.MAIN+android.intent.category.SAMPLE_CODE
ADDED from AndroidManifest.xml:71:13
category#android.intent.category.SAMPLE_CODE
ADDED from AndroidManifest.xml:73:17
	android:name
		ADDED from AndroidManifest.xml:73:27
activity#com.example.android.apis.app.DialogActivity
ADDED from AndroidManifest.xml:77:9
	android:label
		ADDED from AndroidManifest.xml:78:17
	android:theme
		ADDED from AndroidManifest.xml:79:17
	android:name
		ADDED from AndroidManifest.xml:77:19
activity#com.example.android.apis.app.CustomDialogActivity
ADDED from AndroidManifest.xml:86:9
	android:label
		ADDED from AndroidManifest.xml:87:17
	android:theme
		ADDED from AndroidManifest.xml:88:17
	android:name
		ADDED from AndroidManifest.xml:86:19
activity#com.example.android.apis.app.QuickContactsDemo
ADDED from AndroidManifest.xml:95:8
	android:label
		ADDED from AndroidManifest.xml:96:17
	android:name
		ADDED from AndroidManifest.xml:95:18
activity#com.example.android.apis.app.WallpaperActivity
ADDED from AndroidManifest.xml:103:9
	android:label
		ADDED from AndroidManifest.xml:104:17
	android:theme
		ADDED from AndroidManifest.xml:105:17
	android:name
		ADDED from AndroidManifest.xml:103:19
activity#com.example.android.apis.app.TranslucentActivity
ADDED from AndroidManifest.xml:112:9
	android:label
		ADDED from AndroidManifest.xml:113:17
	android:theme
		ADDED from AndroidManifest.xml:114:17
	android:name
		ADDED from AndroidManifest.xml:112:19
activity#com.example.android.apis.app.TranslucentBlurActivity
ADDED from AndroidManifest.xml:121:9
	android:label
		ADDED from AndroidManifest.xml:122:17
	android:theme
		ADDED from AndroidManifest.xml:123:17
	android:name
		ADDED from AndroidManifest.xml:121:19
activity#com.example.android.apis.app.Animation
ADDED from AndroidManifest.xml:130:9
	android:label
		ADDED from AndroidManifest.xml:130:49
	android:name
		ADDED from AndroidManifest.xml:130:19
activity#com.example.android.apis.app.SaveRestoreState
ADDED from AndroidManifest.xml:137:9
	android:windowSoftInputMode
		ADDED from AndroidManifest.xml:139:17
	android:label
		ADDED from AndroidManifest.xml:138:17
	android:name
		ADDED from AndroidManifest.xml:137:19
activity#com.example.android.apis.app.PersistentState
ADDED from AndroidManifest.xml:146:9
	android:windowSoftInputMode
		ADDED from AndroidManifest.xml:148:17
	android:label
		ADDED from AndroidManifest.xml:147:17
	android:name
		ADDED from AndroidManifest.xml:146:19
activity#com.example.android.apis.app.ActivityRecreate
ADDED from AndroidManifest.xml:155:9
	android:label
		ADDED from AndroidManifest.xml:156:17
	android:enabled
		ADDED from AndroidManifest.xml:157:17
	android:name
		ADDED from AndroidManifest.xml:155:19
activity#com.example.android.apis.app.SoftInputModes
ADDED from AndroidManifest.xml:164:9
	android:label
		ADDED from AndroidManifest.xml:165:17
	android:name
		ADDED from AndroidManifest.xml:164:19
activity#com.example.android.apis.app.ReceiveResult
ADDED from AndroidManifest.xml:172:9
	android:label
		ADDED from AndroidManifest.xml:172:53
	android:name
		ADDED from AndroidManifest.xml:172:19
activity#com.example.android.apis.app.SendResult
ADDED from AndroidManifest.xml:179:9
	android:theme
		ADDED from AndroidManifest.xml:180:17
	android:name
		ADDED from AndroidManifest.xml:179:19
activity#com.example.android.apis.app.Forwarding
ADDED from AndroidManifest.xml:183:9
	android:label
		ADDED from AndroidManifest.xml:183:50
	android:name
		ADDED from AndroidManifest.xml:183:19
activity#com.example.android.apis.app.ForwardTarget
ADDED from AndroidManifest.xml:190:9
	android:name
		ADDED from AndroidManifest.xml:190:19
activity#com.example.android.apis.app.RedirectEnter
ADDED from AndroidManifest.xml:193:9
	android:label
		ADDED from AndroidManifest.xml:193:53
	android:name
		ADDED from AndroidManifest.xml:193:19
activity#com.example.android.apis.app.RedirectMain
ADDED from AndroidManifest.xml:200:9
	android:name
		ADDED from AndroidManifest.xml:200:19
activity#com.example.android.apis.app.RedirectGetter
ADDED from AndroidManifest.xml:203:9
	android:name
		ADDED from AndroidManifest.xml:203:19
activity#com.example.android.apis.app.CustomTitle
ADDED from AndroidManifest.xml:208:9
	android:windowSoftInputMode
		ADDED from AndroidManifest.xml:210:17
	android:label
		ADDED from AndroidManifest.xml:209:17
	android:theme
		ADDED from AndroidManifest.xml:211:17
	android:name
		ADDED from AndroidManifest.xml:208:19
activity#com.example.android.apis.app.ReorderOnLaunch
ADDED from AndroidManifest.xml:218:9
	android:label
		ADDED from AndroidManifest.xml:219:17
	android:name
		ADDED from AndroidManifest.xml:218:19
activity#com.example.android.apis.app.ReorderTwo
ADDED from AndroidManifest.xml:226:9
	android:name
		ADDED from AndroidManifest.xml:226:19
activity#com.example.android.apis.app.ReorderThree
ADDED from AndroidManifest.xml:227:9
	android:name
		ADDED from AndroidManifest.xml:227:19
activity#com.example.android.apis.app.ReorderFour
ADDED from AndroidManifest.xml:228:9
	android:name
		ADDED from AndroidManifest.xml:228:19
activity#com.example.android.apis.app.SetWallpaperActivity
ADDED from AndroidManifest.xml:230:9
	android:label
		ADDED from AndroidManifest.xml:231:19
	android:name
		ADDED from AndroidManifest.xml:230:19
activity#com.example.android.apis.app.ScreenOrientation
ADDED from AndroidManifest.xml:238:9
	android:label
		ADDED from AndroidManifest.xml:239:19
	android:name
		ADDED from AndroidManifest.xml:238:19
activity#com.example.android.apis.app.FragmentAlertDialog
ADDED from AndroidManifest.xml:248:9
	android:label
		ADDED from AndroidManifest.xml:249:17
	android:enabled
		ADDED from AndroidManifest.xml:250:17
	android:name
		ADDED from AndroidManifest.xml:248:19
activity#com.example.android.apis.app.FragmentArguments
ADDED from AndroidManifest.xml:257:9
	android:label
		ADDED from AndroidManifest.xml:258:17
	android:enabled
		ADDED from AndroidManifest.xml:259:17
	android:name
		ADDED from AndroidManifest.xml:257:19
activity#com.example.android.apis.app.FragmentCustomAnimations
ADDED from AndroidManifest.xml:266:9
	android:label
		ADDED from AndroidManifest.xml:267:17
	android:enabled
		ADDED from AndroidManifest.xml:268:17
	android:name
		ADDED from AndroidManifest.xml:266:19
activity#com.example.android.apis.app.FragmentHideShow
ADDED from AndroidManifest.xml:275:9
	android:windowSoftInputMode
		ADDED from AndroidManifest.xml:277:17
	android:label
		ADDED from AndroidManifest.xml:276:17
	android:enabled
		ADDED from AndroidManifest.xml:278:17
	android:name
		ADDED from AndroidManifest.xml:275:19
activity#com.example.android.apis.app.FragmentContextMenu
ADDED from AndroidManifest.xml:285:9
	android:label
		ADDED from AndroidManifest.xml:286:17
	android:enabled
		ADDED from AndroidManifest.xml:287:17
	android:name
		ADDED from AndroidManifest.xml:285:19
activity#com.example.android.apis.app.FragmentDialog
ADDED from AndroidManifest.xml:294:9
	android:label
		ADDED from AndroidManifest.xml:295:17
	android:enabled
		ADDED from AndroidManifest.xml:296:17
	android:name
		ADDED from AndroidManifest.xml:294:19
activity#com.example.android.apis.app.FragmentDialogOrActivity
ADDED from AndroidManifest.xml:303:9
	android:label
		ADDED from AndroidManifest.xml:304:17
	android:enabled
		ADDED from AndroidManifest.xml:305:17
	android:name
		ADDED from AndroidManifest.xml:303:19
activity#com.example.android.apis.app.FragmentLayout
ADDED from AndroidManifest.xml:312:9
	android:label
		ADDED from AndroidManifest.xml:313:17
	android:enabled
		ADDED from AndroidManifest.xml:314:17
	android:name
		ADDED from AndroidManifest.xml:312:19
activity#com.example.android.apis.app.FragmentLayout$DetailsActivity
ADDED from AndroidManifest.xml:321:9
	android:enabled
		ADDED from AndroidManifest.xml:322:17
	android:name
		ADDED from AndroidManifest.xml:321:19
activity#com.example.android.apis.app.FragmentListArray
ADDED from AndroidManifest.xml:324:9
	android:label
		ADDED from AndroidManifest.xml:325:17
	android:enabled
		ADDED from AndroidManifest.xml:326:17
	android:name
		ADDED from AndroidManifest.xml:324:19
activity#com.example.android.apis.app.FragmentMenu
ADDED from AndroidManifest.xml:333:9
	android:label
		ADDED from AndroidManifest.xml:334:17
	android:enabled
		ADDED from AndroidManifest.xml:335:17
	android:name
		ADDED from AndroidManifest.xml:333:19
activity#com.example.android.apis.app.FragmentRetainInstance
ADDED from AndroidManifest.xml:342:9
	android:label
		ADDED from AndroidManifest.xml:343:17
	android:enabled
		ADDED from AndroidManifest.xml:344:17
	android:name
		ADDED from AndroidManifest.xml:342:19
activity#com.example.android.apis.app.FragmentReceiveResult
ADDED from AndroidManifest.xml:351:9
	android:label
		ADDED from AndroidManifest.xml:352:17
	android:enabled
		ADDED from AndroidManifest.xml:353:17
	android:name
		ADDED from AndroidManifest.xml:351:19
activity#com.example.android.apis.app.FragmentStack
ADDED from AndroidManifest.xml:360:9
	android:label
		ADDED from AndroidManifest.xml:361:17
	android:enabled
		ADDED from AndroidManifest.xml:362:17
	android:name
		ADDED from AndroidManifest.xml:360:19
activity#com.example.android.apis.app.FragmentTabs
ADDED from AndroidManifest.xml:369:9
	android:label
		ADDED from AndroidManifest.xml:370:17
	android:enabled
		ADDED from AndroidManifest.xml:371:17
	android:name
		ADDED from AndroidManifest.xml:369:19
activity#com.example.android.apis.app.LoaderCursor
ADDED from AndroidManifest.xml:380:9
	android:label
		ADDED from AndroidManifest.xml:381:17
	android:enabled
		ADDED from AndroidManifest.xml:382:17
	android:name
		ADDED from AndroidManifest.xml:380:19
activity#com.example.android.apis.app.LoaderCustom
ADDED from AndroidManifest.xml:389:9
	android:label
		ADDED from AndroidManifest.xml:390:17
	android:enabled
		ADDED from AndroidManifest.xml:391:17
	android:name
		ADDED from AndroidManifest.xml:389:19
activity#com.example.android.apis.app.LoaderThrottle
ADDED from AndroidManifest.xml:399:9
	android:label
		ADDED from AndroidManifest.xml:400:17
	android:enabled
		ADDED from AndroidManifest.xml:401:17
	android:name
		ADDED from AndroidManifest.xml:399:19
provider#com.example.android.apis.app.LoaderThrottle$SimpleProvider
ADDED from AndroidManifest.xml:407:9
	android:authorities
		ADDED from AndroidManifest.xml:408:19
	android:enabled
		ADDED from AndroidManifest.xml:409:19
	android:name
		ADDED from AndroidManifest.xml:407:19
activity#com.example.android.apis.app.Intents
ADDED from AndroidManifest.xml:414:9
	android:label
		ADDED from AndroidManifest.xml:414:47
	android:name
		ADDED from AndroidManifest.xml:414:19
activity#com.example.android.apis.app.IntentActivityFlags
ADDED from AndroidManifest.xml:421:9
	android:label
		ADDED from AndroidManifest.xml:422:17
	android:name
		ADDED from AndroidManifest.xml:421:19
service#com.example.android.apis.app.LocalService
ADDED from AndroidManifest.xml:431:9
	android:stopWithTask
		ADDED from AndroidManifest.xml:431:51
	android:name
		ADDED from AndroidManifest.xml:431:18
activity#com.example.android.apis.app.LocalServiceActivities$Controller
ADDED from AndroidManifest.xml:433:9
	android:label
		ADDED from AndroidManifest.xml:434:17
	android:name
		ADDED from AndroidManifest.xml:433:19
	android:launchMode
		ADDED from AndroidManifest.xml:435:17
activity#com.example.android.apis.app.LocalServiceActivities$Binding
ADDED from AndroidManifest.xml:442:9
	android:label
		ADDED from AndroidManifest.xml:443:17
	android:name
		ADDED from AndroidManifest.xml:442:19
service#com.example.android.apis.app.MessengerService
ADDED from AndroidManifest.xml:451:9
	android:process
		ADDED from AndroidManifest.xml:452:17
	android:name
		ADDED from AndroidManifest.xml:451:18
activity#com.example.android.apis.app.MessengerServiceActivities$Binding
ADDED from AndroidManifest.xml:455:9
	android:label
		ADDED from AndroidManifest.xml:456:17
	android:name
		ADDED from AndroidManifest.xml:455:19
service#com.example.android.apis.app.RemoteService
ADDED from AndroidManifest.xml:463:9
	android:process
		ADDED from AndroidManifest.xml:463:52
	android:name
		ADDED from AndroidManifest.xml:463:18
intent-filter#com.example.android.apis.app.IRemoteService+com.example.android.apis.app.ISecondary+com.example.android.apis.app.REMOTE_SERVICE
ADDED from AndroidManifest.xml:464:13
action#com.example.android.apis.app.IRemoteService
ADDED from AndroidManifest.xml:467:17
	android:name
		ADDED from AndroidManifest.xml:467:25
action#com.example.android.apis.app.ISecondary
ADDED from AndroidManifest.xml:468:17
	android:name
		ADDED from AndroidManifest.xml:468:25
action#com.example.android.apis.app.REMOTE_SERVICE
ADDED from AndroidManifest.xml:471:17
	android:name
		ADDED from AndroidManifest.xml:471:25
activity#com.example.android.apis.app.RemoteService$Controller
ADDED from AndroidManifest.xml:475:9
	android:label
		ADDED from AndroidManifest.xml:476:17
	android:name
		ADDED from AndroidManifest.xml:475:19
	android:launchMode
		ADDED from AndroidManifest.xml:477:17
activity#com.example.android.apis.app.RemoteService$Binding
ADDED from AndroidManifest.xml:484:9
	android:label
		ADDED from AndroidManifest.xml:485:17
	android:name
		ADDED from AndroidManifest.xml:484:19
activity#com.example.android.apis.app.RemoteService$BindingOptions
ADDED from AndroidManifest.xml:492:9
	android:label
		ADDED from AndroidManifest.xml:493:17
	android:name
		ADDED from AndroidManifest.xml:492:19
service#com.example.android.apis.app.ServiceStartArguments
ADDED from AndroidManifest.xml:500:9
	android:name
		ADDED from AndroidManifest.xml:500:18
activity#com.example.android.apis.app.ServiceStartArguments$Controller
ADDED from AndroidManifest.xml:502:9
	android:label
		ADDED from AndroidManifest.xml:503:17
	android:name
		ADDED from AndroidManifest.xml:502:19
	android:launchMode
		ADDED from AndroidManifest.xml:504:17
service#com.example.android.apis.app.ForegroundService
ADDED from AndroidManifest.xml:511:9
	android:name
		ADDED from AndroidManifest.xml:511:18
activity#com.example.android.apis.app.ForegroundService$Controller
ADDED from AndroidManifest.xml:513:9
	android:label
		ADDED from AndroidManifest.xml:514:17
	android:name
		ADDED from AndroidManifest.xml:513:19
	android:launchMode
		ADDED from AndroidManifest.xml:515:17
receiver#com.example.android.apis.app.OneShotAlarm
ADDED from AndroidManifest.xml:524:9
	android:process
		ADDED from AndroidManifest.xml:524:52
	android:name
		ADDED from AndroidManifest.xml:524:19
receiver#com.example.android.apis.app.RepeatingAlarm
ADDED from AndroidManifest.xml:526:9
	android:process
		ADDED from AndroidManifest.xml:526:54
	android:name
		ADDED from AndroidManifest.xml:526:19
activity#com.example.android.apis.app.AlarmController
ADDED from AndroidManifest.xml:528:9
	android:label
		ADDED from AndroidManifest.xml:528:55
	android:name
		ADDED from AndroidManifest.xml:528:19
service#com.example.android.apis.app.AlarmService_Service
ADDED from AndroidManifest.xml:535:9
	android:process
		ADDED from AndroidManifest.xml:535:59
	android:name
		ADDED from AndroidManifest.xml:535:18
activity#com.example.android.apis.app.AlarmService
ADDED from AndroidManifest.xml:537:9
	android:label
		ADDED from AndroidManifest.xml:537:52
	android:name
		ADDED from AndroidManifest.xml:537:19
activity#com.example.android.apis.accessibility.ClockBackActivity
ADDED from AndroidManifest.xml:548:9
	android:label
		ADDED from AndroidManifest.xml:549:13
	android:name
		ADDED from AndroidManifest.xml:548:19
service#com.example.android.apis.accessibility.ClockBackService
ADDED from AndroidManifest.xml:556:9
	android:label
		ADDED from AndroidManifest.xml:557:13
	android:name
		ADDED from AndroidManifest.xml:556:18
intent-filter#android.accessibilityservice.AccessibilityService
ADDED from AndroidManifest.xml:558:13
action#android.accessibilityservice.AccessibilityService
ADDED from AndroidManifest.xml:559:17
	android:name
		ADDED from AndroidManifest.xml:559:25
activity#com.example.android.apis.accessibility.TaskListActivity
ADDED from AndroidManifest.xml:563:9
	android:label
		ADDED from AndroidManifest.xml:564:19
	android:enabled
		ADDED from AndroidManifest.xml:565:19
	android:name
		ADDED from AndroidManifest.xml:563:19
service#com.example.android.apis.accessibility.TaskBackService
ADDED from AndroidManifest.xml:572:9
	android:label
		ADDED from AndroidManifest.xml:573:18
	android:enabled
		ADDED from AndroidManifest.xml:574:18
	android:name
		ADDED from AndroidManifest.xml:572:18
meta-data#android.accessibilityservice
ADDED from AndroidManifest.xml:578:13
	android:resource
		ADDED from AndroidManifest.xml:580:17
	android:name
		ADDED from AndroidManifest.xml:579:17
activity#com.example.android.apis.accessibility.CustomViewAccessibilityActivity
ADDED from AndroidManifest.xml:583:9
	android:label
		ADDED from AndroidManifest.xml:584:19
	android:enabled
		ADDED from AndroidManifest.xml:585:19
	android:name
		ADDED from AndroidManifest.xml:583:19
activity#com.example.android.apis.app.LocalSample
ADDED from AndroidManifest.xml:594:9
	android:label
		ADDED from AndroidManifest.xml:594:51
	android:name
		ADDED from AndroidManifest.xml:594:19
intent-filter#android.intent.action.MAIN
ADDED from AndroidManifest.xml:595:13
activity#com.example.android.apis.app.ContactsFilter
ADDED from AndroidManifest.xml:601:9
	android:label
		ADDED from AndroidManifest.xml:601:54
	android:name
		ADDED from AndroidManifest.xml:601:19
activity#com.example.android.apis.app.NotifyWithText
ADDED from AndroidManifest.xml:611:9
	android:label
		ADDED from AndroidManifest.xml:611:54
	android:name
		ADDED from AndroidManifest.xml:611:19
activity#com.example.android.apis.app.IncomingMessage
ADDED from AndroidManifest.xml:618:9
	android:label
		ADDED from AndroidManifest.xml:619:17
	android:name
		ADDED from AndroidManifest.xml:618:19
activity#com.example.android.apis.app.IncomingMessageView
ADDED from AndroidManifest.xml:626:9
	android:label
		ADDED from AndroidManifest.xml:627:17
	android:name
		ADDED from AndroidManifest.xml:626:19
activity#com.example.android.apis.app.IncomingMessageInterstitial
ADDED from AndroidManifest.xml:631:9
	android:label
		ADDED from AndroidManifest.xml:632:17
	android:theme
		ADDED from AndroidManifest.xml:633:17
	android:excludeFromRecents
		ADDED from AndroidManifest.xml:636:17
	android:taskAffinity
		ADDED from AndroidManifest.xml:635:17
	android:name
		ADDED from AndroidManifest.xml:631:19
	android:launchMode
		ADDED from AndroidManifest.xml:634:17
activity#com.example.android.apis.app.NotificationDisplay
ADDED from AndroidManifest.xml:644:9
	android:noHistory
		ADDED from AndroidManifest.xml:648:17
	android:theme
		ADDED from AndroidManifest.xml:645:17
	android:excludeFromRecents
		ADDED from AndroidManifest.xml:647:17
	android:taskAffinity
		ADDED from AndroidManifest.xml:646:17
	android:name
		ADDED from AndroidManifest.xml:644:19
activity#com.example.android.apis.app.StatusBarNotifications
ADDED from AndroidManifest.xml:651:9
	android:label
		ADDED from AndroidManifest.xml:652:17
	android:name
		ADDED from AndroidManifest.xml:651:19
	android:launchMode
		ADDED from AndroidManifest.xml:653:17
service#com.example.android.apis.app.NotifyingService
ADDED from AndroidManifest.xml:660:9
	android:name
		ADDED from AndroidManifest.xml:660:18
activity#com.example.android.apis.app.NotifyingController
ADDED from AndroidManifest.xml:662:9
	android:label
		ADDED from AndroidManifest.xml:662:59
	android:name
		ADDED from AndroidManifest.xml:662:19
activity#com.example.android.apis.app.AlertDialogSamples
ADDED from AndroidManifest.xml:670:9
	android:label
		ADDED from AndroidManifest.xml:670:58
	android:name
		ADDED from AndroidManifest.xml:670:19
activity#com.example.android.apis.app.SearchInvoke
ADDED from AndroidManifest.xml:684:9
	android:label
		ADDED from AndroidManifest.xml:685:19
	android:name
		ADDED from AndroidManifest.xml:684:19
meta-data#android.app.default_searchable
ADDED from AndroidManifest.xml:693:13
	android:name
		ADDED from AndroidManifest.xml:693:24
	android:value
		ADDED from AndroidManifest.xml:694:24
activity#com.example.android.apis.app.SearchQueryResults
ADDED from AndroidManifest.xml:708:9
	android:label
		ADDED from AndroidManifest.xml:709:19
	android:name
		ADDED from AndroidManifest.xml:708:19
intent-filter#android.intent.action.SEARCH+android.intent.category.DEFAULT
ADDED from AndroidManifest.xml:717:13
action#android.intent.action.SEARCH
ADDED from AndroidManifest.xml:718:17
	android:name
		ADDED from AndroidManifest.xml:718:25
meta-data#android.app.searchable
ADDED from AndroidManifest.xml:725:13
	android:resource
		ADDED from AndroidManifest.xml:726:24
	android:name
		ADDED from AndroidManifest.xml:725:24
provider#com.example.android.apis.app.SearchSuggestionSampleProvider
ADDED from AndroidManifest.xml:732:9
	android:authorities
		ADDED from AndroidManifest.xml:733:19
	android:name
		ADDED from AndroidManifest.xml:732:19
activity#com.example.android.apis.app.LauncherShortcuts
ADDED from AndroidManifest.xml:758:9
	android:label
		ADDED from AndroidManifest.xml:759:19
	android:name
		ADDED from AndroidManifest.xml:758:19
activity-alias#com.example.android.apis.app.CreateShortcuts
ADDED from AndroidManifest.xml:771:9
	android:label
		ADDED from AndroidManifest.xml:773:13
	android:targetActivity
		ADDED from AndroidManifest.xml:772:13
	android:name
		ADDED from AndroidManifest.xml:771:25
intent-filter#android.intent.action.CREATE_SHORTCUT+android.intent.category.DEFAULT
ADDED from AndroidManifest.xml:776:13
action#android.intent.action.CREATE_SHORTCUT
ADDED from AndroidManifest.xml:777:17
	android:name
		ADDED from AndroidManifest.xml:777:25
activity#com.example.android.apis.app.MenuInflateFromXml
ADDED from AndroidManifest.xml:785:9
	android:label
		ADDED from AndroidManifest.xml:785:58
	android:name
		ADDED from AndroidManifest.xml:785:19
activity#com.example.android.apis.app.DeviceAdminSample
ADDED from AndroidManifest.xml:794:9
	android:label
		ADDED from AndroidManifest.xml:795:17
	android:name
		ADDED from AndroidManifest.xml:794:19
receiver#com.example.android.apis.app.DeviceAdminSample$DeviceAdminSampleReceiver
ADDED from AndroidManifest.xml:803:9
	android:label
		ADDED from AndroidManifest.xml:804:17
	android:description
		ADDED from AndroidManifest.xml:805:17
	android:permission
		ADDED from AndroidManifest.xml:806:17
	android:name
		ADDED from AndroidManifest.xml:803:19
meta-data#android.app.device_admin
ADDED from AndroidManifest.xml:807:13
	android:resource
		ADDED from AndroidManifest.xml:808:24
	android:name
		ADDED from AndroidManifest.xml:807:24
intent-filter#android.app.action.DEVICE_ADMIN_ENABLED
ADDED from AndroidManifest.xml:809:13
action#android.app.action.DEVICE_ADMIN_ENABLED
ADDED from AndroidManifest.xml:810:17
	android:name
		ADDED from AndroidManifest.xml:810:25
activity#com.example.android.apis.app.VoiceRecognition
ADDED from AndroidManifest.xml:817:9
	android:label
		ADDED from AndroidManifest.xml:817:56
	android:name
		ADDED from AndroidManifest.xml:817:19
activity#com.example.android.apis.app.TextToSpeechActivity
ADDED from AndroidManifest.xml:826:9
	android:label
		ADDED from AndroidManifest.xml:826:60
	android:name
		ADDED from AndroidManifest.xml:826:19
activity#com.example.android.apis.app.ActionBarMechanics
ADDED from AndroidManifest.xml:834:9
	android:label
		ADDED from AndroidManifest.xml:835:17
	android:enabled
		ADDED from AndroidManifest.xml:836:17
	android:name
		ADDED from AndroidManifest.xml:834:19
activity#com.example.android.apis.app.ActionBarUsage
ADDED from AndroidManifest.xml:843:9
	android:label
		ADDED from AndroidManifest.xml:844:17
	android:enabled
		ADDED from AndroidManifest.xml:845:17
	android:name
		ADDED from AndroidManifest.xml:843:19
activity#com.example.android.apis.app.ActionBarDisplayOptions
ADDED from AndroidManifest.xml:852:9
	android:label
		ADDED from AndroidManifest.xml:853:17
	android:enabled
		ADDED from AndroidManifest.xml:855:17
	android:name
		ADDED from AndroidManifest.xml:852:19
	android:logo
		ADDED from AndroidManifest.xml:854:17
activity#com.example.android.apis.app.ActionBarTabs
ADDED from AndroidManifest.xml:862:9
	android:label
		ADDED from AndroidManifest.xml:863:17
	android:enabled
		ADDED from AndroidManifest.xml:864:17
	android:name
		ADDED from AndroidManifest.xml:862:19
activity#com.example.android.apis.app.ActionBarSettingsActionProviderActivity
ADDED from AndroidManifest.xml:871:9
	android:label
		ADDED from AndroidManifest.xml:872:17
	android:enabled
		ADDED from AndroidManifest.xml:873:17
	android:name
		ADDED from AndroidManifest.xml:871:19
activity#com.example.android.apis.app.ActionBarShareActionProviderActivity
ADDED from AndroidManifest.xml:880:9
	android:label
		ADDED from AndroidManifest.xml:881:17
	android:enabled
		ADDED from AndroidManifest.xml:882:17
	android:name
		ADDED from AndroidManifest.xml:880:19
receiver#com.example.android.apis.app.AppUpdateReceiver
ADDED from AndroidManifest.xml:892:9
	android:name
		ADDED from AndroidManifest.xml:892:19
intent-filter#android.intent.action.MY_PACKAGE_REPLACED
ADDED from AndroidManifest.xml:893:13
action#android.intent.action.MY_PACKAGE_REPLACED
ADDED from AndroidManifest.xml:894:17
	android:name
		ADDED from AndroidManifest.xml:894:25
activity#com.example.android.apis.preference.FragmentPreferences
ADDED from AndroidManifest.xml:903:9
	android:label
		ADDED from AndroidManifest.xml:904:17
	android:enabled
		ADDED from AndroidManifest.xml:905:17
	android:name
		ADDED from AndroidManifest.xml:903:19
activity#com.example.android.apis.preference.PreferenceWithHeaders
ADDED from AndroidManifest.xml:912:9
	android:label
		ADDED from AndroidManifest.xml:913:17
	android:enabled
		ADDED from AndroidManifest.xml:914:17
	android:name
		ADDED from AndroidManifest.xml:912:19
activity#com.example.android.apis.preference.PreferencesFromXml
ADDED from AndroidManifest.xml:921:9
	android:label
		ADDED from AndroidManifest.xml:922:17
	android:name
		ADDED from AndroidManifest.xml:921:19
activity#com.example.android.apis.preference.PreferencesFromCode